<?xml version="1.0" encoding="UTF-8"?>
<!-- Generated by org.testng.reporters.JUnitXMLReporter -->
<testsuite hostname="DESKTOP-J80IKB4" ignored="0" name="GroupTest" tests="2" failures="0" timestamp="2020-08-06T19:38:07 EET" time="0.008" errors="0">
  <testcase name="FamilyMembers" time="0.001" classname="sahabilgiteknolojileri.Mavenjava2.SeleniumTest"/>
  <testcase name="FamilyMembersAges" time="0.001" classname="sahabilgiteknolojileri.Mavenjava2.SeleniumTest2"/>
</testsuite> <!-- GroupTest -->
